#-----------------------------------------------------------
# PlanAhead v14.7 (64-bit)
# Build 321239 by xbuild on Fri Sep 27 19:29:51 MDT 2013
# Start of session at: Thu Oct 13 13:32:58 2022
# Process ID: 3336
# Log file: E:/ic/finite_state_machine/planAhead_run_1/planAhead.log
# Journal file: E:/ic/finite_state_machine/planAhead_run_1/planAhead.jou
#-----------------------------------------------------------
INFO: [Common 17-78] Attempting to get a license: PlanAhead
INFO: [Common 17-290] Got license for PlanAhead
INFO: [Common 17-86] Your PlanAhead license expires in -43 day(s)
INFO: [Device 21-36] Loading parts and site information from C:/Users/DELL/Music/14.7/ISE_DS/PlanAhead/data/parts/arch.xml
Parsing RTL primitives file [C:/Users/DELL/Music/14.7/ISE_DS/PlanAhead/data/parts/xilinx/rtl/prims/rtl_prims.xml]
Finished parsing RTL primitives file [C:/Users/DELL/Music/14.7/ISE_DS/PlanAhead/data/parts/xilinx/rtl/prims/rtl_prims.xml]
start_gui
source E:/ic/finite_state_machine/pa.fromHdl.tcl
# create_project -name finite_state_machine -dir "E:/ic/finite_state_machine/planAhead_run_1" -part xc3s500efg320-4
# set_param project.pinAheadLayout yes
# set srcset [get_property srcset [current_run -impl]]
# set_property target_constrs_file "simple.ucf" [current_fileset -constrset]
Adding file 'E:/ic/finite_state_machine/simple.ucf' to fileset 'constrs_1'
# set hdlfile [add_files [list {simple.v}]]
# set_property file_type Verilog $hdlfile
# set_property library work $hdlfile
# set_property top simple $srcset
# add_files [list {simple.ucf}] -fileset [get_property constrset [current_run]]
# open_rtl_design -part xc3s500efg320-4
Using Verific elaboration
Parsing VHDL file "C:/Users/DELL/Music/14.7/ISE_DS/PlanAhead/data/parts/xilinx/rtl/lib/synplify/synattr.vhd" into library synplify
Analyzing Verilog file "E:/ic/finite_state_machine/simple.v" into library work
INFO: [Designutils 20-910] Reading macro library C:/Users/DELL/Music/14.7/ISE_DS/PlanAhead/data\./parts/xilinx/spartan3e/spartan3e/hd_int_macros.edn
Parsing EDIF File [C:/Users/DELL/Music/14.7/ISE_DS/PlanAhead/data\./parts/xilinx/spartan3e/spartan3e/hd_int_macros.edn]
Finished Parsing EDIF File [C:/Users/DELL/Music/14.7/ISE_DS/PlanAhead/data\./parts/xilinx/spartan3e/spartan3e/hd_int_macros.edn]
Loading clock regions from C:/Users/DELL/Music/14.7/ISE_DS/PlanAhead/data\parts/xilinx/spartan3e/spartan3e/xc3s500e/ClockRegion.xml
Loading clock buffers from C:/Users/DELL/Music/14.7/ISE_DS/PlanAhead/data\parts/xilinx/spartan3e/spartan3e/xc3s500e/ClockBuffers.xml
Loading package from C:/Users/DELL/Music/14.7/ISE_DS/PlanAhead/data\parts/xilinx/spartan3e/spartan3e/xc3s500e/fg320/Package.xml
Loading io standards from C:/Users/DELL/Music/14.7/ISE_DS/PlanAhead/data\./parts/xilinx/spartan3e/IOStandards.xml
INFO: [Device 21-19] Loading pkg sso from C:/Users/DELL/Music/14.7/ISE_DS/PlanAhead/data\parts/xilinx/spartan3e/spartan3e/xc3s500e/fg320/SSORules.xml
Loading list of drcs for the architecture : C:/Users/DELL/Music/14.7/ISE_DS/PlanAhead/data\./parts/xilinx/spartan3e/spartan3e/drc.xml
INFO: [Timing 38-77] Reading timing library C:/Users/DELL/Music/14.7/ISE_DS/PlanAhead/data\parts/xilinx/spartan3e/spartan3e/spartan3e-4.lib.
INFO: [Timing 38-34] Done reading timing library C:/Users/DELL/Music/14.7/ISE_DS/PlanAhead/data\parts/xilinx/spartan3e/spartan3e/spartan3e-4.lib.
Parsing UCF File [E:/ic/finite_state_machine/simple.ucf]
Finished Parsing UCF File [E:/ic/finite_state_machine/simple.ucf]
INFO: [Project 1-111] Unisim Transformation Summary:
No Unisim elements were transformed.

Phase 0 | Netlist Checksum: 669abf15
open_rtl_design: Time (s): elapsed = 00:00:08 . Memory (MB): peak = 575.461 ; gain = 165.949
update_compile_order -fileset sim_1
startgroup
set_property package_pin C9 [get_ports Clock]
endgroup
startgroup
set_property package_pin H18 [get_ports Resetn]
endgroup
startgroup
set_property package_pin K17 [get_ports w]
endgroup
startgroup
set_property package_pin F11 [get_ports z]
endgroup
startgroup
set_property package_pin F12 [get_ports {y[2]}]
endgroup
startgroup
set_property package_pin E12 [get_ports {y[1]}]
endgroup
startgroup
set_property package_pin F12 [get_ports {y[2]}]
endgroup
startgroup
set_property package_pin A3 [get_ports {y[1]}]
endgroup
startgroup
set_property package_pin E12 [get_ports {y[2]}]
endgroup
startgroup
set_property package_pin F12 [get_ports {y[1]}]
endgroup
startgroup
set_property package_pin E9 [get_ports {Y[1]}]
endgroup
startgroup
set_property package_pin F9 [get_ports {Y[2]}]
endgroup
save_constraints
exit
ERROR: [PlanAhead 12-106] *** Exception: ui.h.b: Found deleted key in HTclEventBroker. Verify if the classes listed here call cleanup()
HTclEvent: DEBUG_PORT_CONFIG_CHANGE   Classes: ui.views.aR 
HTclEvent: DEBUG_CORE_CONFIG_CHANGE   Classes: ui.views.aR 
HTclEvent: SIGNAL_BUS_MODIFY   Classes: ui.views.aR 
HTclEvent: SIGNAL_MODIFY   Classes: ui.views.aR 
 (See E:/ic/finite_state_machine\planAhead_pid3336.debug)
ERROR: [Common 17-39] 'stop_gui' failed due to earlier errors.
INFO: [Common 17-206] Exiting PlanAhead at Thu Oct 13 13:37:28 2022...
INFO: [Common 17-83] Releasing license: PlanAhead
