--------------------------------------------------------------------------------
Release 14.7 Trace  (nt64)
Copyright (c) 1995-2013 Xilinx, Inc.  All rights reserved.

C:\Users\DELL\Music\14.7\ISE_DS\ISE\bin\nt64\unwrapped\trce.exe -intstyle ise
-v 3 -s 4 -n 3 -fastpaths -xml LED_COUNTER.twx LED_COUNTER.ncd -o
LED_COUNTER.twr LED_COUNTER.pcf -ucf LED_COUNTER.ucf

Design file:              LED_COUNTER.ncd
Physical constraint file: LED_COUNTER.pcf
Device,package,speed:     xc3s500e,fg320,-4 (PRODUCTION 1.27 2013-10-13)
Report level:             verbose report

Environment Variable      Effect 
--------------------      ------ 
NONE                      No environment variables were set
--------------------------------------------------------------------------------

INFO:Timing:2698 - No timing constraints found, doing default enumeration.
INFO:Timing:3412 - To improve timing, see the Timing Closure User Guide (UG612).
INFO:Timing:2752 - To get complete path coverage, use the unconstrained paths 
   option. All paths that are not constrained will be reported in the 
   unconstrained paths section(s) of the report.
INFO:Timing:3339 - The clock-to-out numbers in this timing report are based on 
   a 50 Ohm transmission line loading model.  For the details of this model, 
   and for more information on accounting for different loading conditions, 
   please see the device datasheet.
INFO:Timing:3390 - This architecture does not support a default System Jitter 
   value, please add SYSTEM_JITTER constraint to the UCF to modify the Clock 
   Uncertainty calculation.
INFO:Timing:3389 - This architecture does not support 'Discrete Jitter' and 
   'Phase Error' calculations, these terms will be zero in the Clock 
   Uncertainty calculation.  Please make appropriate modification to 
   SYSTEM_JITTER to account for the unsupported Discrete Jitter and Phase 
   Error.



Data Sheet report:
-----------------
All values displayed in nanoseconds (ns)

Setup/Hold to clock SW<0>
------------+------------+------------+------------------+--------+
            |Max Setup to|Max Hold to |                  | Clock  |
Source      | clk (edge) | clk (edge) |Internal Clock(s) | Phase  |
------------+------------+------------+------------------+--------+
UD          |    5.032(R)|    1.006(R)|clk_o             |   0.000|
------------+------------+------------+------------------+--------+

Setup/Hold to clock SW<1>
------------+------------+------------+------------------+--------+
            |Max Setup to|Max Hold to |                  | Clock  |
Source      | clk (edge) | clk (edge) |Internal Clock(s) | Phase  |
------------+------------+------------+------------------+--------+
UD          |    4.733(R)|    1.357(R)|clk_o             |   0.000|
------------+------------+------------+------------------+--------+

Clock SW<0> to Pad
------------+------------+------------------+--------+
            | clk (edge) |                  | Clock  |
Destination |   to PAD   |Internal Clock(s) | Phase  |
------------+------------+------------------+--------+
LED<0>      |   10.046(R)|clk_o             |   0.000|
LED<1>      |   10.018(R)|clk_o             |   0.000|
LED<2>      |   10.350(R)|clk_o             |   0.000|
LED<3>      |   10.351(R)|clk_o             |   0.000|
LED<4>      |   10.640(R)|clk_o             |   0.000|
LED<5>      |   10.383(R)|clk_o             |   0.000|
LED<6>      |   11.586(R)|clk_o             |   0.000|
LED<7>      |   11.875(R)|clk_o             |   0.000|
------------+------------+------------------+--------+

Clock SW<1> to Pad
------------+------------+------------------+--------+
            | clk (edge) |                  | Clock  |
Destination |   to PAD   |Internal Clock(s) | Phase  |
------------+------------+------------------+--------+
LED<0>      |   10.397(R)|clk_o             |   0.000|
LED<1>      |   10.369(R)|clk_o             |   0.000|
LED<2>      |   10.701(R)|clk_o             |   0.000|
LED<3>      |   10.702(R)|clk_o             |   0.000|
LED<4>      |   10.991(R)|clk_o             |   0.000|
LED<5>      |   10.734(R)|clk_o             |   0.000|
LED<6>      |   11.937(R)|clk_o             |   0.000|
LED<7>      |   12.226(R)|clk_o             |   0.000|
------------+------------+------------------+--------+

Clock to Setup on destination clock SW<0>
---------------+---------+---------+---------+---------+
               | Src:Rise| Src:Fall| Src:Rise| Src:Fall|
Source Clock   |Dest:Rise|Dest:Rise|Dest:Fall|Dest:Fall|
---------------+---------+---------+---------+---------+
SW<0>          |    4.627|         |         |         |
SW<1>          |    4.627|         |         |         |
---------------+---------+---------+---------+---------+

Clock to Setup on destination clock SW<1>
---------------+---------+---------+---------+---------+
               | Src:Rise| Src:Fall| Src:Rise| Src:Fall|
Source Clock   |Dest:Rise|Dest:Rise|Dest:Fall|Dest:Fall|
---------------+---------+---------+---------+---------+
SW<0>          |    4.627|         |         |         |
SW<1>          |    4.627|         |         |         |
---------------+---------+---------+---------+---------+

Clock to Setup on destination clock clk
---------------+---------+---------+---------+---------+
               | Src:Rise| Src:Fall| Src:Rise| Src:Fall|
Source Clock   |Dest:Rise|Dest:Rise|Dest:Fall|Dest:Fall|
---------------+---------+---------+---------+---------+
clk            |    5.116|         |         |         |
---------------+---------+---------+---------+---------+


Analysis completed Thu Sep 15 13:46:37 2022 
--------------------------------------------------------------------------------

Trace Settings:
-------------------------
Trace Settings 

Peak Memory Usage: 4509 MB



