Release 14.7 - xst P.20131013 (nt64)
Copyright (c) 1995-2013 Xilinx, Inc.  All rights reserved.
--> Parameter TMPDIR set to xst/projnav.tmp


Total REAL time to Xst completion: 0.00 secs
Total CPU time to Xst completion: 0.11 secs
 
--> Parameter xsthdpdir set to xst


Total REAL time to Xst completion: 0.00 secs
Total CPU time to Xst completion: 0.11 secs
 
--> Reading design: simple.prj

TABLE OF CONTENTS
  1) Synthesis Options Summary
  2) HDL Compilation
  3) Design Hierarchy Analysis
  4) HDL Analysis
  5) HDL Synthesis
     5.1) HDL Synthesis Report
  6) Advanced HDL Synthesis
     6.1) Advanced HDL Synthesis Report
  7) Low Level Synthesis
  8) Partition Report
  9) Final Report
	9.1) Device utilization summary
	9.2) Partition Resource Summary
	9.3) TIMING REPORT


=========================================================================
*                      Synthesis Options Summary                        *
=========================================================================
---- Source Parameters
Input File Name                    : "simple.prj"
Input Format                       : mixed
Ignore Synthesis Constraint File   : NO

---- Target Parameters
Output File Name                   : "simple"
Output Format                      : NGC
Target Device                      : xc3s500e-4-fg320

---- Source Options
Top Module Name                    : simple
Automatic FSM Extraction           : YES
FSM Encoding Algorithm             : Auto
Safe Implementation                : No
FSM Style                          : LUT
RAM Extraction                     : Yes
RAM Style                          : Auto
ROM Extraction                     : Yes
Mux Style                          : Auto
Decoder Extraction                 : YES
Priority Encoder Extraction        : Yes
Shift Register Extraction          : YES
Logical Shifter Extraction         : YES
XOR Collapsing                     : YES
ROM Style                          : Auto
Mux Extraction                     : Yes
Resource Sharing                   : YES
Asynchronous To Synchronous        : NO
Multiplier Style                   : Auto
Automatic Register Balancing       : No

---- Target Options
Add IO Buffers                     : YES
Global Maximum Fanout              : 100000
Add Generic Clock Buffer(BUFG)     : 24
Register Duplication               : YES
Slice Packing                      : YES
Optimize Instantiated Primitives   : NO
Use Clock Enable                   : Yes
Use Synchronous Set                : Yes
Use Synchronous Reset              : Yes
Pack IO Registers into IOBs        : Auto
Equivalent register Removal        : YES

---- General Options
Optimization Goal                  : Speed
Optimization Effort                : 1
Keep Hierarchy                     : No
Netlist Hierarchy                  : As_Optimized
RTL Output                         : Yes
Global Optimization                : AllClockNets
Read Cores                         : YES
Write Timing Constraints           : NO
Cross Clock Analysis               : NO
Hierarchy Separator                : /
Bus Delimiter                      : <>
Case Specifier                     : Maintain
Slice Utilization Ratio            : 100
BRAM Utilization Ratio             : 100
Verilog 2001                       : YES
Auto BRAM Packing                  : NO
Slice Utilization Ratio Delta      : 5

=========================================================================


=========================================================================
*                          HDL Compilation                              *
=========================================================================
Compiling verilog file "simple.v" in library work
Module <simple> compiled
No errors in compilation
Analysis of file <"simple.prj"> succeeded.
 

=========================================================================
*                     Design Hierarchy Analysis                         *
=========================================================================
WARNING:Xst:2616 - "simple.v" line 23: Name conflict. (<Y> and <y>, renaming Y as Y_rnm0).
Analyzing hierarchy for module <simple> in library <work> with parameters.
	A = "00"
	B = "01"
	C = "10"


=========================================================================
*                            HDL Analysis                               *
=========================================================================
Analyzing top module <simple>.
WARNING:Xst:863 - "simple.v" line 23: Name conflict (<Y> and <y>, renaming Y as y_rnm0).
	A = 2'b00
	B = 2'b01
	C = 2'b10
Module <simple> is correct for synthesis.
 

=========================================================================
*                           HDL Synthesis                               *
=========================================================================

Performing bidirectional port resolution...

Synthesizing Unit <simple>.
    Related source file is "simple.v".
    Found 2-bit 3-to-1 multiplexer for signal <Y_rnm0>.
    Found 2-bit register for signal <y>.
    Summary:
	inferred   2 D-type flip-flop(s).
	inferred   2 Multiplexer(s).
Unit <simple> synthesized.


=========================================================================
HDL Synthesis Report

Macro Statistics
# Registers                                            : 1
 2-bit register                                        : 1
# Multiplexers                                         : 1
 2-bit 3-to-1 multiplexer                              : 1

=========================================================================

=========================================================================
*                       Advanced HDL Synthesis                          *
=========================================================================


=========================================================================
Advanced HDL Synthesis Report

Macro Statistics
# Registers                                            : 2
 Flip-Flops                                            : 2
# Multiplexers                                         : 1
 2-bit 3-to-1 multiplexer                              : 1

=========================================================================

=========================================================================
*                         Low Level Synthesis                           *
=========================================================================

Optimizing unit <simple> ...

Mapping all equations...
Building and optimizing final netlist ...
Found area constraint ratio of 100 (+ 5) on block simple, actual ratio is 0.

Final Macro Processing ...

=========================================================================
Final Register Report

Macro Statistics
# Registers                                            : 2
 Flip-Flops                                            : 2

=========================================================================

=========================================================================
*                           Partition Report                            *
=========================================================================

Partition Implementation Status
-------------------------------

  No Partitions were found in this design.

-------------------------------

=========================================================================
*                            Final Report                               *
=========================================================================
Final Results
RTL Top Level Output File Name     : simple.ngr
Top Level Output File Name         : simple
Output Format                      : NGC
Optimization Goal                  : Speed
Keep Hierarchy                     : No

Design Statistics
# IOs                              : 8

Cell Usage :
# BELS                             : 4
#      INV                         : 1
#      LUT2                        : 1
#      LUT3                        : 2
# FlipFlops/Latches                : 2
#      FDC                         : 2
# Clock Buffers                    : 1
#      BUFGP                       : 1
# IO Buffers                       : 7
#      IBUF                        : 2
#      OBUF                        : 5
=========================================================================

Device utilization summary:
---------------------------

Selected Device : 3s500efg320-4 

 Number of Slices:                        2  out of   4656     0%  
 Number of Slice Flip Flops:              2  out of   9312     0%  
 Number of 4 input LUTs:                  4  out of   9312     0%  
 Number of IOs:                           8
 Number of bonded IOBs:                   8  out of    232     3%  
 Number of GCLKs:                         1  out of     24     4%  

---------------------------
Partition Resource Summary:
---------------------------

  No Partitions were found in this design.

---------------------------


=========================================================================
TIMING REPORT

NOTE: THESE TIMING NUMBERS ARE ONLY A SYNTHESIS ESTIMATE.
      FOR ACCURATE TIMING INFORMATION PLEASE REFER TO THE TRACE REPORT
      GENERATED AFTER PLACE-and-ROUTE.

Clock Information:
------------------
-----------------------------------+------------------------+-------+
Clock Signal                       | Clock buffer(FF name)  | Load  |
-----------------------------------+------------------------+-------+
Clock                              | BUFGP                  | 2     |
-----------------------------------+------------------------+-------+

Asynchronous Control Signals Information:
----------------------------------------
-----------------------------------+------------------------+-------+
Control Signal                     | Buffer(FF name)        | Load  |
-----------------------------------+------------------------+-------+
Resetn_inv(Resetn_inv1_INV_0:O)    | NONE(y_1)              | 2     |
-----------------------------------+------------------------+-------+

Timing Summary:
---------------
Speed Grade: -4

   Minimum period: 2.269ns (Maximum Frequency: 440.723MHz)
   Minimum input arrival time before clock: 2.852ns
   Maximum output required time after clock: 5.749ns
   Maximum combinational path delay: 6.263ns

Timing Detail:
--------------
All values displayed in nanoseconds (ns)

=========================================================================
Timing constraint: Default period analysis for Clock 'Clock'
  Clock period: 2.269ns (frequency: 440.723MHz)
  Total number of paths / destination ports: 4 / 2
-------------------------------------------------------------------------
Delay:               2.269ns (Levels of Logic = 1)
  Source:            y_1 (FF)
  Destination:       y_1 (FF)
  Source Clock:      Clock rising
  Destination Clock: Clock rising

  Data Path: y_1 to y_1
                                Gate     Net
    Cell:in->out      fanout   Delay   Delay  Logical Name (Net Name)
    ----------------------------------------  ------------
     FDC:C->Q              4   0.591   0.666  y_1 (y_1)
     LUT3:I1->O            2   0.704   0.000  Mmux_Y_rnm011 (Y_rnm0_1_OBUF)
     FDC:D                     0.308          y_1
    ----------------------------------------
    Total                      2.269ns (1.603ns logic, 0.666ns route)
                                       (70.6% logic, 29.4% route)

=========================================================================
Timing constraint: Default OFFSET IN BEFORE for Clock 'Clock'
  Total number of paths / destination ports: 2 / 2
-------------------------------------------------------------------------
Offset:              2.852ns (Levels of Logic = 2)
  Source:            w (PAD)
  Destination:       y_1 (FF)
  Destination Clock: Clock rising

  Data Path: w to y_1
                                Gate     Net
    Cell:in->out      fanout   Delay   Delay  Logical Name (Net Name)
    ----------------------------------------  ------------
     IBUF:I->O             2   1.218   0.622  w_IBUF (w_IBUF)
     LUT3:I0->O            2   0.704   0.000  Mmux_Y_rnm021 (Y_rnm0_2_OBUF)
     FDC:D                     0.308          y_2
    ----------------------------------------
    Total                      2.852ns (2.230ns logic, 0.622ns route)
                                       (78.2% logic, 21.8% route)

=========================================================================
Timing constraint: Default OFFSET OUT AFTER for Clock 'Clock'
  Total number of paths / destination ports: 8 / 5
-------------------------------------------------------------------------
Offset:              5.749ns (Levels of Logic = 2)
  Source:            y_1 (FF)
  Destination:       z (PAD)
  Source Clock:      Clock rising

  Data Path: y_1 to z
                                Gate     Net
    Cell:in->out      fanout   Delay   Delay  Logical Name (Net Name)
    ----------------------------------------  ------------
     FDC:C->Q              4   0.591   0.762  y_1 (y_1)
     LUT2:I0->O            1   0.704   0.420  z1 (z_OBUF)
     OBUF:I->O                 3.272          z_OBUF (z)
    ----------------------------------------
    Total                      5.749ns (4.567ns logic, 1.182ns route)
                                       (79.4% logic, 20.6% route)

=========================================================================
Timing constraint: Default path analysis
  Total number of paths / destination ports: 2 / 2
-------------------------------------------------------------------------
Delay:               6.263ns (Levels of Logic = 3)
  Source:            w (PAD)
  Destination:       Y_rnm0<2> (PAD)

  Data Path: w to Y_rnm0<2>
                                Gate     Net
    Cell:in->out      fanout   Delay   Delay  Logical Name (Net Name)
    ----------------------------------------  ------------
     IBUF:I->O             2   1.218   0.622  w_IBUF (w_IBUF)
     LUT3:I0->O            2   0.704   0.447  Mmux_Y_rnm021 (Y_rnm0_2_OBUF)
     OBUF:I->O                 3.272          Y_rnm0_2_OBUF (Y_rnm0<2>)
    ----------------------------------------
    Total                      6.263ns (5.194ns logic, 1.069ns route)
                                       (82.9% logic, 17.1% route)

=========================================================================


Total REAL time to Xst completion: 5.00 secs
Total CPU time to Xst completion: 5.83 secs
 
--> 

Total memory usage is 4497536 kilobytes

Number of errors   :    0 (   0 filtered)
Number of warnings :    2 (   0 filtered)
Number of infos    :    0 (   0 filtered)

