#-----------------------------------------------------------
# PlanAhead v14.7 (64-bit)
# Build 321239 by xbuild on Fri Sep 27 19:29:51 MDT 2013
# Start of session at: Thu Sep 15 12:59:21 2022
# Process ID: 12972
# Log file: E:/ic/up8bit_chooseud/planAhead_run_3/planAhead.log
# Journal file: E:/ic/up8bit_chooseud/planAhead_run_3/planAhead.jou
#-----------------------------------------------------------
INFO: [Common 17-78] Attempting to get a license: PlanAhead
INFO: [Common 17-290] Got license for PlanAhead
INFO: [Common 17-86] Your PlanAhead license expires in -15 day(s)
INFO: [Device 21-36] Loading parts and site information from C:/Users/DELL/Music/14.7/ISE_DS/PlanAhead/data/parts/arch.xml
Parsing RTL primitives file [C:/Users/DELL/Music/14.7/ISE_DS/PlanAhead/data/parts/xilinx/rtl/prims/rtl_prims.xml]
Finished parsing RTL primitives file [C:/Users/DELL/Music/14.7/ISE_DS/PlanAhead/data/parts/xilinx/rtl/prims/rtl_prims.xml]
start_gui
source E:/ic/up8bit_chooseud/pa.fromHdl.tcl
# create_project -name up8bit_chooseud -dir "E:/ic/up8bit_chooseud/planAhead_run_3" -part xc3s500efg320-4
ERROR: [Common 17-53] User Exception: Project already exists on disk, please use '-force' option to overwrite: 
     E:/ic/up8bit_chooseud/planAhead_run_3/up8bit_chooseud.ppr
     E:/ic/up8bit_chooseud/planAhead_run_3/up8bit_chooseud.data

    while executing
"create_project -name up8bit_chooseud -dir "E:/ic/up8bit_chooseud/planAhead_run_3" -part xc3s500efg320-4"
    (file "E:/ic/up8bit_chooseud/pa.fromHdl.tcl" line 4)
exit
INFO: [Common 17-206] Exiting PlanAhead at Thu Sep 15 12:59:50 2022...
INFO: [Common 17-83] Releasing license: PlanAhead
