Running: C:\Users\DELL\Music\14.7\ISE_DS\ISE\bin\nt64\unwrapped\fuse.exe -intstyle ise -incremental -lib unisims_ver -lib unimacro_ver -lib xilinxcorelib_ver -o E:/ic/Adder_4bit/Testbench_add_isim_beh.exe -prj E:/ic/Adder_4bit/Testbench_add_beh.prj work.Testbench_add work.glbl 
ISim P.20131013 (signature 0x7708f090)
Number of CPUs detected in this system: 8
Turning on mult-threading, number of parallel sub-compilation jobs: 16 
Determining compilation order of HDL files
Analyzing Verilog file "E:/ic/Adder_4bit/FullAdder.v" into library work
Analyzing Verilog file "E:/ic/Adder_4bit/Adder_4bit.v" into library work
Analyzing Verilog file "E:/ic/Adder_4bit/Testbench_add.v" into library work
Analyzing Verilog file "C:/Users/DELL/Music/14.7/ISE_DS/ISE//verilog/src/glbl.v" into library work
Starting static elaboration
Completed static elaboration
Compiling module FullAdder
Compiling module Adder_4bit
Compiling module Testbench_add
Compiling module glbl
Time Resolution for simulation is 1ps.
Waiting for 1 sub-compilation(s) to finish...
Compiled 4 Verilog Units
Built simulation executable E:/ic/Adder_4bit/Testbench_add_isim_beh.exe
Fuse Memory Usage: 28624 KB
Fuse CPU Usage: 359 ms
