Release 14.7 - xst P.20131013 (nt64)
Copyright (c) 1995-2013 Xilinx, Inc.  All rights reserved.
--> Parameter TMPDIR set to xst/projnav.tmp


Total REAL time to Xst completion: 0.00 secs
Total CPU time to Xst completion: 0.10 secs
 
--> Parameter xsthdpdir set to xst


Total REAL time to Xst completion: 0.00 secs
Total CPU time to Xst completion: 0.10 secs
 
--> Reading design: SPI_Master.prj

TABLE OF CONTENTS
  1) Synthesis Options Summary
  2) HDL Parsing
  3) HDL Elaboration
  4) HDL Synthesis
       4.1) HDL Synthesis Report
  5) Advanced HDL Synthesis
       5.1) Advanced HDL Synthesis Report
  6) Low Level Synthesis
  7) Partition Report
  8) Design Summary
       8.1) Primitive and Black Box Usage
       8.2) Device utilization summary
       8.3) Partition Resource Summary
       8.4) Timing Report
            8.4.1) Clock Information
            8.4.2) Asynchronous Control Signals Information
            8.4.3) Timing Summary
            8.4.4) Timing Details
            8.4.5) Cross Clock Domains Report


=========================================================================
*                      Synthesis Options Summary                        *
=========================================================================
---- Source Parameters
Input File Name                    : "SPI_Master.prj"
Ignore Synthesis Constraint File   : NO

---- Target Parameters
Output File Name                   : "SPI_Master"
Output Format                      : NGC
Target Device                      : xc7a100t-3-csg324

---- Source Options
Top Module Name                    : SPI_Master
Automatic FSM Extraction           : YES
FSM Encoding Algorithm             : Auto
Safe Implementation                : No
FSM Style                          : LUT
RAM Extraction                     : Yes
RAM Style                          : Auto
ROM Extraction                     : Yes
Shift Register Extraction          : YES
ROM Style                          : Auto
Resource Sharing                   : YES
Asynchronous To Synchronous        : NO
Shift Register Minimum Size        : 2
Use DSP Block                      : Auto
Automatic Register Balancing       : No

---- Target Options
LUT Combining                      : Auto
Reduce Control Sets                : Auto
Add IO Buffers                     : YES
Global Maximum Fanout              : 100000
Add Generic Clock Buffer(BUFG)     : 32
Register Duplication               : YES
Optimize Instantiated Primitives   : NO
Use Clock Enable                   : Auto
Use Synchronous Set                : Auto
Use Synchronous Reset              : Auto
Pack IO Registers into IOBs        : Auto
Equivalent register Removal        : YES

---- General Options
Optimization Goal                  : Speed
Optimization Effort                : 1
Power Reduction                    : NO
Keep Hierarchy                     : No
Netlist Hierarchy                  : As_Optimized
RTL Output                         : Yes
Global Optimization                : AllClockNets
Read Cores                         : YES
Write Timing Constraints           : NO
Cross Clock Analysis               : NO
Hierarchy Separator                : /
Bus Delimiter                      : <>
Case Specifier                     : Maintain
Slice Utilization Ratio            : 100
BRAM Utilization Ratio             : 100
DSP48 Utilization Ratio            : 100
Auto BRAM Packing                  : NO
Slice Utilization Ratio Delta      : 5

=========================================================================


=========================================================================
*                          HDL Parsing                                  *
=========================================================================
Analyzing Verilog file "E:\ic\SPI\SPI_Master.v" into library work
Parsing module <SPI_Master>.
WARNING:HDLCompiler:751 - "E:\ic\SPI\SPI_Master.v" Line 17: Redeclaration of ansi port sclk is not allowed
WARNING:HDLCompiler:751 - "E:\ic\SPI\SPI_Master.v" Line 20: Redeclaration of ansi port mastershift is not allowed
WARNING:HDLCompiler:751 - "E:\ic\SPI\SPI_Master.v" Line 21: Redeclaration of ansi port slaveshift is not allowed
WARNING:HDLCompiler:751 - "E:\ic\SPI\SPI_Master.v" Line 23: Redeclaration of ansi port miso is not allowed
WARNING:HDLCompiler:751 - "E:\ic\SPI\SPI_Master.v" Line 24: Redeclaration of ansi port mosi is not allowed

=========================================================================
*                            HDL Elaboration                            *
=========================================================================

Elaborating module <SPI_Master>.
WARNING:HDLCompiler:413 - "E:\ic\SPI\SPI_Master.v" Line 32: Result of 32-bit expression is truncated to fit in 5-bit target.
WARNING:HDLCompiler:413 - "E:\ic\SPI\SPI_Master.v" Line 62: Result of 6-bit expression is truncated to fit in 5-bit target.
WARNING:HDLCompiler:413 - "E:\ic\SPI\SPI_Master.v" Line 67: Result of 6-bit expression is truncated to fit in 5-bit target.
ERROR:HDLCompiler:1401 - "E:\ic\SPI\SPI_Master.v" Line 33: Signal mastershift[7] in unit SPI_Master is connected to following multiple drivers:
Driver 0: output signal mastershift[7] of instance Flip-flop (mastershift).
Driver 1: output signal mastershift[7] of instance Flip-flop (_i000033).
Driver 0: output signal mastershift[6] of instance Flip-flop (mastershift).
Driver 1: output signal mastershift[6] of instance Flip-flop (_i000033).
Driver 0: output signal mastershift[5] of instance Flip-flop (mastershift).
Driver 1: output signal mastershift[5] of instance Flip-flop (_i000033).
Driver 0: output signal mastershift[4] of instance Flip-flop (mastershift).
Driver 1: output signal mastershift[4] of instance Flip-flop (_i000033).
Driver 0: output signal mastershift[3] of instance Flip-flop (mastershift).
Driver 1: output signal mastershift[3] of instance Flip-flop (_i000033).
Driver 0: output signal mastershift[2] of instance Flip-flop (mastershift).
Driver 1: output signal mastershift[2] of instance Flip-flop (_i000033).
Driver 0: output signal mastershift[1] of instance Flip-flop (mastershift).
Driver 1: output signal mastershift[1] of instance Flip-flop (_i000033).
Driver 0: output signal mastershift[0] of instance Flip-flop (mastershift).
Driver 1: output signal mastershift[0] of instance Flip-flop (_i000033).
Driver 0: output signal slaveshift[7] of instance Flip-flop (slaveshift).
Driver 1: output signal slaveshift[7] of instance Flip-flop (_i000035).
Driver 0: output signal slaveshift[6] of instance Flip-flop (slaveshift).
Driver 1: output signal slaveshift[6] of instance Flip-flop (_i000035).
Driver 0: output signal slaveshift[5] of instance Flip-flop (slaveshift).
Driver 1: output signal slaveshift[5] of instance Flip-flop (_i000035).
Driver 0: output signal slaveshift[4] of instance Flip-flop (slaveshift).
Driver 1: output signal slaveshift[4] of instance Flip-flop (_i000035).
Driver 0: output signal slaveshift[3] of instance Flip-flop (slaveshift).
Driver 1: output signal slaveshift[3] of instance Flip-flop (_i000035).
Driver 0: output signal slaveshift[2] of instance Flip-flop (slaveshift).
Driver 1: output signal slaveshift[2] of instance Flip-flop (_i000035).
Driver 0: output signal slaveshift[1] of instance Flip-flop (slaveshift).
Driver 1: output signal slaveshift[1] of instance Flip-flop (_i000035).
Driver 0: output signal slaveshift[0] of instance Flip-flop (slaveshift).
Driver 1: output signal slaveshift[0] of instance Flip-flop (_i000035).
Module SPI_Master remains a blackbox, due to errors in its contents
WARNING:HDLCompiler:1499 - "E:\ic\SPI\SPI_Master.v" Line 2: Empty module <SPI_Master> remains a black box.
--> 

Total memory usage is 4497680 kilobytes

Number of errors   :    1 (   0 filtered)
Number of warnings :    9 (   0 filtered)
Number of infos    :    0 (   0 filtered)

